[0.030s] Invoking command in '/home/yuma/ros2_ws/build/hello_pkg': CMAKE_PREFIX_PATH=${CMAKE_PREFIX_PATH}:/home/yuma/ros2_ws/install/mypkg:/opt/ros/humble /usr/bin/cmake /home/yuma/ros2_ws/src/hello_pkg -DCMAKE_INSTALL_PREFIX=/home/yuma/ros2_ws/install/hello_pkg
[0.542s] -- The C compiler identification is GNU 11.4.0
[1.283s] -- The CXX compiler identification is GNU 11.4.0
[1.817s] -- Detecting C compiler ABI info
[1.992s] -- Detecting C compiler ABI info - done
[2.001s] -- Check for working C compiler: /usr/bin/cc - skipped
[2.014s] -- Detecting C compile features
[2.015s] -- Detecting C compile features - done
[2.025s] -- Detecting CXX compiler ABI info
[2.229s] -- Detecting CXX compiler ABI info - done
[2.240s] -- Check for working CXX compiler: /usr/bin/c++ - skipped
[2.240s] -- Detecting CXX compile features
[2.241s] -- Detecting CXX compile features - done
[2.285s] -- Found ament_cmake: 1.3.10 (/opt/ros/humble/share/ament_cmake/cmake)
[2.488s] -- Found Python3: /usr/bin/python3 (found version "3.10.12") found components: Interpreter 
[2.650s] -- Found rclcpp: 16.0.10 (/opt/ros/humble/share/rclcpp/cmake)
[2.842s] -- Found rosidl_generator_c: 3.1.5 (/opt/ros/humble/share/rosidl_generator_c/cmake)
[2.853s] -- Found rosidl_adapter: 3.1.5 (/opt/ros/humble/share/rosidl_adapter/cmake)
[2.873s] -- Found rosidl_generator_cpp: 3.1.5 (/opt/ros/humble/share/rosidl_generator_cpp/cmake)
[2.911s] -- Using all available rosidl_typesupport_c: rosidl_typesupport_fastrtps_c;rosidl_typesupport_introspection_c
[2.950s] -- Using all available rosidl_typesupport_cpp: rosidl_typesupport_fastrtps_cpp;rosidl_typesupport_introspection_cpp
[3.035s] -- Found rmw_implementation_cmake: 6.1.2 (/opt/ros/humble/share/rmw_implementation_cmake/cmake)
[3.041s] -- Found rmw_fastrtps_cpp: 6.2.7 (/opt/ros/humble/share/rmw_fastrtps_cpp/cmake)
[4.596s] -- Found OpenSSL: /usr/lib/x86_64-linux-gnu/libcrypto.so (found version "3.0.2")  
[6.399s] -- Found FastRTPS: /opt/ros/humble/include  
[9.185s] -- Using RMW implementation 'rmw_fastrtps_cpp' as default
[9.218s] -- Looking for pthread.h
[9.442s] -- Looking for pthread.h - found
[9.442s] -- Performing Test CMAKE_HAVE_LIBC_PTHREAD
[9.687s] -- Performing Test CMAKE_HAVE_LIBC_PTHREAD - Success
[9.689s] -- Found Threads: TRUE  
[9.941s] -- Configuring done
[9.955s] -- Generating done
[9.956s] -- Build files have been written to: /home/yuma/ros2_ws/build/hello_pkg
[9.971s] Invoked command in '/home/yuma/ros2_ws/build/hello_pkg' returned '0': CMAKE_PREFIX_PATH=${CMAKE_PREFIX_PATH}:/home/yuma/ros2_ws/install/mypkg:/opt/ros/humble /usr/bin/cmake /home/yuma/ros2_ws/src/hello_pkg -DCMAKE_INSTALL_PREFIX=/home/yuma/ros2_ws/install/hello_pkg
[9.975s] Invoking command in '/home/yuma/ros2_ws/build/hello_pkg': CMAKE_PREFIX_PATH=${CMAKE_PREFIX_PATH}:/home/yuma/ros2_ws/install/mypkg:/opt/ros/humble /usr/bin/cmake --build /home/yuma/ros2_ws/build/hello_pkg -- -j12 -l12
[10.040s] [ 50%] [32mBuilding CXX object CMakeFiles/hello.dir/src/hello.cpp.o[0m
[16.752s] [100%] [32m[1mLinking CXX executable hello[0m
[17.118s] [100%] Built target hello
[17.136s] Invoked command in '/home/yuma/ros2_ws/build/hello_pkg' returned '0': CMAKE_PREFIX_PATH=${CMAKE_PREFIX_PATH}:/home/yuma/ros2_ws/install/mypkg:/opt/ros/humble /usr/bin/cmake --build /home/yuma/ros2_ws/build/hello_pkg -- -j12 -l12
[17.181s] Invoking command in '/home/yuma/ros2_ws/build/hello_pkg': CMAKE_PREFIX_PATH=${CMAKE_PREFIX_PATH}:/home/yuma/ros2_ws/install/mypkg:/opt/ros/humble /usr/bin/cmake --install /home/yuma/ros2_ws/build/hello_pkg
[17.190s] -- Install configuration: ""
[17.191s] -- Installing: /home/yuma/ros2_ws/install/hello_pkg/lib/hello_pkg/hello
[17.192s] -- Set runtime path of "/home/yuma/ros2_ws/install/hello_pkg/lib/hello_pkg/hello" to ""
[17.192s] -- Installing: /home/yuma/ros2_ws/install/hello_pkg/share/ament_index/resource_index/package_run_dependencies/hello_pkg
[17.193s] -- Installing: /home/yuma/ros2_ws/install/hello_pkg/share/ament_index/resource_index/parent_prefix_path/hello_pkg
[17.193s] -- Installing: /home/yuma/ros2_ws/install/hello_pkg/share/hello_pkg/environment/ament_prefix_path.sh
[17.194s] -- Installing: /home/yuma/ros2_ws/install/hello_pkg/share/hello_pkg/environment/ament_prefix_path.dsv
[17.194s] -- Installing: /home/yuma/ros2_ws/install/hello_pkg/share/hello_pkg/environment/path.sh
[17.194s] -- Installing: /home/yuma/ros2_ws/install/hello_pkg/share/hello_pkg/environment/path.dsv
[17.194s] -- Installing: /home/yuma/ros2_ws/install/hello_pkg/share/hello_pkg/local_setup.bash
[17.195s] -- Installing: /home/yuma/ros2_ws/install/hello_pkg/share/hello_pkg/local_setup.sh
[17.195s] -- Installing: /home/yuma/ros2_ws/install/hello_pkg/share/hello_pkg/local_setup.zsh
[17.195s] -- Installing: /home/yuma/ros2_ws/install/hello_pkg/share/hello_pkg/local_setup.dsv
[17.196s] -- Installing: /home/yuma/ros2_ws/install/hello_pkg/share/hello_pkg/package.dsv
[17.196s] -- Installing: /home/yuma/ros2_ws/install/hello_pkg/share/ament_index/resource_index/packages/hello_pkg
[17.196s] -- Installing: /home/yuma/ros2_ws/install/hello_pkg/share/hello_pkg/cmake/hello_pkgConfig.cmake
[17.196s] -- Installing: /home/yuma/ros2_ws/install/hello_pkg/share/hello_pkg/cmake/hello_pkgConfig-version.cmake
[17.197s] -- Installing: /home/yuma/ros2_ws/install/hello_pkg/share/hello_pkg/package.xml
[17.201s] Invoked command in '/home/yuma/ros2_ws/build/hello_pkg' returned '0': CMAKE_PREFIX_PATH=${CMAKE_PREFIX_PATH}:/home/yuma/ros2_ws/install/mypkg:/opt/ros/humble /usr/bin/cmake --install /home/yuma/ros2_ws/build/hello_pkg
