[0.466s] DEBUG:colcon:Command line arguments: ['/usr/bin/colcon', 'build', '--packages-select', 'hello_pkg']
[0.466s] DEBUG:colcon:Parsed command line arguments: Namespace(log_base=None, log_level=None, verb_name='build', build_base='build', install_base='install', merge_install=False, symlink_install=False, test_result_base=None, continue_on_error=False, executor='parallel', parallel_workers=12, event_handlers=None, ignore_user_meta=False, metas=['./colcon.meta'], base_paths=['.'], packages_ignore=None, packages_ignore_regex=None, paths=None, packages_up_to=None, packages_up_to_regex=None, packages_above=None, packages_above_and_dependencies=None, packages_above_depth=None, packages_select_by_dep=None, packages_skip_by_dep=None, packages_skip_up_to=None, packages_select_build_failed=False, packages_skip_build_finished=False, packages_select_test_failures=False, packages_skip_test_passed=False, packages_select=['hello_pkg'], packages_skip=None, packages_select_regex=None, packages_skip_regex=None, packages_start=None, packages_end=None, allow_overriding=[], cmake_args=None, cmake_target=None, cmake_target_skip_unavailable=False, cmake_clean_cache=False, cmake_clean_first=False, cmake_force_configure=False, ament_cmake_args=None, catkin_cmake_args=None, catkin_skip_building_tests=False, verb_parser=<colcon_defaults.argument_parser.defaults.DefaultArgumentsDecorator object at 0x7fb52932bdf0>, verb_extension=<colcon_core.verb.build.BuildVerb object at 0x7fb52932b9a0>, main=<bound method BuildVerb.main of <colcon_core.verb.build.BuildVerb object at 0x7fb52932b9a0>>)
[1.027s] Level 1:colcon.colcon_core.package_discovery:discover_packages(colcon_meta) check parameters
[1.027s] Level 1:colcon.colcon_core.package_discovery:discover_packages(recursive) check parameters
[1.027s] Level 1:colcon.colcon_core.package_discovery:discover_packages(ignore) check parameters
[1.027s] Level 1:colcon.colcon_core.package_discovery:discover_packages(path) check parameters
[1.027s] Level 1:colcon.colcon_core.package_discovery:discover_packages(colcon_meta) discover
[1.027s] Level 1:colcon.colcon_core.package_discovery:discover_packages(recursive) discover
[1.027s] INFO:colcon.colcon_core.package_discovery:Crawling recursively for packages in '/home/yuma/ros2_ws'
[1.028s] Level 1:colcon.colcon_core.package_identification:_identify(.) by extensions ['ignore', 'ignore_ament_install']
[1.028s] Level 1:colcon.colcon_core.package_identification:_identify(.) by extension 'ignore'
[1.028s] Level 1:colcon.colcon_core.package_identification:_identify(.) by extension 'ignore_ament_install'
[1.028s] Level 1:colcon.colcon_core.package_identification:_identify(.) by extensions ['colcon_pkg']
[1.028s] Level 1:colcon.colcon_core.package_identification:_identify(.) by extension 'colcon_pkg'
[1.028s] Level 1:colcon.colcon_core.package_identification:_identify(.) by extensions ['colcon_meta']
[1.028s] Level 1:colcon.colcon_core.package_identification:_identify(.) by extension 'colcon_meta'
[1.028s] Level 1:colcon.colcon_core.package_identification:_identify(.) by extensions ['ros']
[1.028s] Level 1:colcon.colcon_core.package_identification:_identify(.) by extension 'ros'
[1.052s] Level 1:colcon.colcon_core.package_identification:_identify(.) by extensions ['cmake', 'python']
[1.052s] Level 1:colcon.colcon_core.package_identification:_identify(.) by extension 'cmake'
[1.052s] Level 1:colcon.colcon_core.package_identification:_identify(.) by extension 'python'
[1.052s] Level 1:colcon.colcon_core.package_identification:_identify(.) by extensions ['python_setup_py']
[1.052s] Level 1:colcon.colcon_core.package_identification:_identify(.) by extension 'python_setup_py'
[1.054s] Level 1:colcon.colcon_core.package_identification:_identify(build) by extensions ['ignore', 'ignore_ament_install']
[1.054s] Level 1:colcon.colcon_core.package_identification:_identify(build) by extension 'ignore'
[1.054s] Level 1:colcon.colcon_core.package_identification:_identify(build) ignored
[1.055s] Level 1:colcon.colcon_core.package_identification:_identify(install) by extensions ['ignore', 'ignore_ament_install']
[1.055s] Level 1:colcon.colcon_core.package_identification:_identify(install) by extension 'ignore'
[1.055s] Level 1:colcon.colcon_core.package_identification:_identify(install) ignored
[1.055s] Level 1:colcon.colcon_core.package_identification:_identify(log) by extensions ['ignore', 'ignore_ament_install']
[1.055s] Level 1:colcon.colcon_core.package_identification:_identify(log) by extension 'ignore'
[1.055s] Level 1:colcon.colcon_core.package_identification:_identify(log) ignored
[1.056s] Level 1:colcon.colcon_core.package_identification:_identify(src) by extensions ['ignore', 'ignore_ament_install']
[1.056s] Level 1:colcon.colcon_core.package_identification:_identify(src) by extension 'ignore'
[1.056s] Level 1:colcon.colcon_core.package_identification:_identify(src) by extension 'ignore_ament_install'
[1.057s] Level 1:colcon.colcon_core.package_identification:_identify(src) by extensions ['colcon_pkg']
[1.057s] Level 1:colcon.colcon_core.package_identification:_identify(src) by extension 'colcon_pkg'
[1.057s] Level 1:colcon.colcon_core.package_identification:_identify(src) by extensions ['colcon_meta']
[1.057s] Level 1:colcon.colcon_core.package_identification:_identify(src) by extension 'colcon_meta'
[1.057s] Level 1:colcon.colcon_core.package_identification:_identify(src) by extensions ['ros']
[1.057s] Level 1:colcon.colcon_core.package_identification:_identify(src) by extension 'ros'
[1.057s] Level 1:colcon.colcon_core.package_identification:_identify(src) by extensions ['cmake', 'python']
[1.057s] Level 1:colcon.colcon_core.package_identification:_identify(src) by extension 'cmake'
[1.057s] Level 1:colcon.colcon_core.package_identification:_identify(src) by extension 'python'
[1.057s] Level 1:colcon.colcon_core.package_identification:_identify(src) by extensions ['python_setup_py']
[1.057s] Level 1:colcon.colcon_core.package_identification:_identify(src) by extension 'python_setup_py'
[1.058s] Level 1:colcon.colcon_core.package_identification:_identify(src/build) by extensions ['ignore', 'ignore_ament_install']
[1.058s] Level 1:colcon.colcon_core.package_identification:_identify(src/build) by extension 'ignore'
[1.058s] Level 1:colcon.colcon_core.package_identification:_identify(src/build) ignored
[1.059s] Level 1:colcon.colcon_core.package_identification:_identify(src/hello_pkg) by extensions ['ignore', 'ignore_ament_install']
[1.059s] Level 1:colcon.colcon_core.package_identification:_identify(src/hello_pkg) by extension 'ignore'
[1.059s] Level 1:colcon.colcon_core.package_identification:_identify(src/hello_pkg) by extension 'ignore_ament_install'
[1.059s] Level 1:colcon.colcon_core.package_identification:_identify(src/hello_pkg) by extensions ['colcon_pkg']
[1.059s] Level 1:colcon.colcon_core.package_identification:_identify(src/hello_pkg) by extension 'colcon_pkg'
[1.059s] Level 1:colcon.colcon_core.package_identification:_identify(src/hello_pkg) by extensions ['colcon_meta']
[1.060s] Level 1:colcon.colcon_core.package_identification:_identify(src/hello_pkg) by extension 'colcon_meta'
[1.060s] Level 1:colcon.colcon_core.package_identification:_identify(src/hello_pkg) by extensions ['ros']
[1.060s] Level 1:colcon.colcon_core.package_identification:_identify(src/hello_pkg) by extension 'ros'
[1.068s] DEBUG:colcon.colcon_core.package_identification:Package 'src/hello_pkg' with type 'ros.ament_cmake' and name 'hello_pkg'
[1.069s] Level 1:colcon.colcon_core.package_identification:_identify(src/install) by extensions ['ignore', 'ignore_ament_install']
[1.069s] Level 1:colcon.colcon_core.package_identification:_identify(src/install) by extension 'ignore'
[1.069s] Level 1:colcon.colcon_core.package_identification:_identify(src/install) ignored
[1.070s] Level 1:colcon.colcon_core.package_identification:_identify(src/log) by extensions ['ignore', 'ignore_ament_install']
[1.070s] Level 1:colcon.colcon_core.package_identification:_identify(src/log) by extension 'ignore'
[1.070s] Level 1:colcon.colcon_core.package_identification:_identify(src/log) ignored
[1.071s] Level 1:colcon.colcon_core.package_identification:_identify(src/mypkg) by extensions ['ignore', 'ignore_ament_install']
[1.071s] Level 1:colcon.colcon_core.package_identification:_identify(src/mypkg) by extension 'ignore'
[1.071s] Level 1:colcon.colcon_core.package_identification:_identify(src/mypkg) by extension 'ignore_ament_install'
[1.071s] Level 1:colcon.colcon_core.package_identification:_identify(src/mypkg) by extensions ['colcon_pkg']
[1.071s] Level 1:colcon.colcon_core.package_identification:_identify(src/mypkg) by extension 'colcon_pkg'
[1.072s] Level 1:colcon.colcon_core.package_identification:_identify(src/mypkg) by extensions ['colcon_meta']
[1.072s] Level 1:colcon.colcon_core.package_identification:_identify(src/mypkg) by extension 'colcon_meta'
[1.072s] Level 1:colcon.colcon_core.package_identification:_identify(src/mypkg) by extensions ['ros']
[1.072s] Level 1:colcon.colcon_core.package_identification:_identify(src/mypkg) by extension 'ros'
[1.073s] DEBUG:colcon.colcon_core.package_identification:Package 'src/mypkg' with type 'ros.ament_python' and name 'mypkg'
[1.074s] Level 1:colcon.colcon_core.package_identification:_identify(src/person_msgs) by extensions ['ignore', 'ignore_ament_install']
[1.075s] Level 1:colcon.colcon_core.package_identification:_identify(src/person_msgs) by extension 'ignore'
[1.075s] Level 1:colcon.colcon_core.package_identification:_identify(src/person_msgs) by extension 'ignore_ament_install'
[1.075s] Level 1:colcon.colcon_core.package_identification:_identify(src/person_msgs) by extensions ['colcon_pkg']
[1.075s] Level 1:colcon.colcon_core.package_identification:_identify(src/person_msgs) by extension 'colcon_pkg'
[1.075s] Level 1:colcon.colcon_core.package_identification:_identify(src/person_msgs) by extensions ['colcon_meta']
[1.075s] Level 1:colcon.colcon_core.package_identification:_identify(src/person_msgs) by extension 'colcon_meta'
[1.075s] Level 1:colcon.colcon_core.package_identification:_identify(src/person_msgs) by extensions ['ros']
[1.075s] Level 1:colcon.colcon_core.package_identification:_identify(src/person_msgs) by extension 'ros'
[1.077s] DEBUG:colcon.colcon_core.package_identification:Package 'src/person_msgs' with type 'ros.ament_cmake' and name 'person_msgs'
[1.077s] Level 1:colcon.colcon_core.package_discovery:discover_packages(recursive) using defaults
[1.077s] Level 1:colcon.colcon_core.package_discovery:discover_packages(ignore) discover
[1.077s] Level 1:colcon.colcon_core.package_discovery:discover_packages(ignore) using defaults
[1.077s] Level 1:colcon.colcon_core.package_discovery:discover_packages(path) discover
[1.077s] Level 1:colcon.colcon_core.package_discovery:discover_packages(path) using defaults
[1.142s] INFO:colcon.colcon_core.package_selection:Skipping not selected package 'mypkg' in 'src/mypkg'
[1.142s] INFO:colcon.colcon_core.package_selection:Skipping not selected package 'person_msgs' in 'src/person_msgs'
[1.144s] Level 1:colcon.colcon_core.package_discovery:discover_packages(prefix_path) check parameters
[1.144s] Level 1:colcon.colcon_core.package_discovery:discover_packages(prefix_path) discover
[1.150s] WARNING:colcon.colcon_ros.prefix_path.ament:The path '/home/yuma/ros2_ws/install/person_msgs' in the environment variable AMENT_PREFIX_PATH doesn't exist
[1.150s] WARNING:colcon.colcon_ros.prefix_path.ament:The path '/home/yuma/ros2_ws/install/mypkg' in the environment variable AMENT_PREFIX_PATH doesn't exist
[1.151s] WARNING:colcon.colcon_ros.prefix_path.catkin:The path '/home/yuma/ros2_ws/install/person_msgs' in the environment variable CMAKE_PREFIX_PATH doesn't exist
[1.154s] DEBUG:colcon.colcon_installed_package_information.package_discovery:Found 1 installed packages in /home/yuma/ros2_ws/install
[1.158s] DEBUG:colcon.colcon_installed_package_information.package_discovery:Found 270 installed packages in /opt/ros/humble
[1.161s] Level 1:colcon.colcon_core.package_discovery:discover_packages(prefix_path) using defaults
[1.358s] Level 5:colcon.colcon_core.verb:set package 'hello_pkg' build argument 'cmake_args' from command line to 'None'
[1.358s] Level 5:colcon.colcon_core.verb:set package 'hello_pkg' build argument 'cmake_target' from command line to 'None'
[1.358s] Level 5:colcon.colcon_core.verb:set package 'hello_pkg' build argument 'cmake_target_skip_unavailable' from command line to 'False'
[1.358s] Level 5:colcon.colcon_core.verb:set package 'hello_pkg' build argument 'cmake_clean_cache' from command line to 'False'
[1.358s] Level 5:colcon.colcon_core.verb:set package 'hello_pkg' build argument 'cmake_clean_first' from command line to 'False'
[1.358s] Level 5:colcon.colcon_core.verb:set package 'hello_pkg' build argument 'cmake_force_configure' from command line to 'False'
[1.358s] Level 5:colcon.colcon_core.verb:set package 'hello_pkg' build argument 'ament_cmake_args' from command line to 'None'
[1.358s] Level 5:colcon.colcon_core.verb:set package 'hello_pkg' build argument 'catkin_cmake_args' from command line to 'None'
[1.358s] Level 5:colcon.colcon_core.verb:set package 'hello_pkg' build argument 'catkin_skip_building_tests' from command line to 'False'
[1.358s] DEBUG:colcon.colcon_core.verb:Building package 'hello_pkg' with the following arguments: {'ament_cmake_args': None, 'build_base': '/home/yuma/ros2_ws/build/hello_pkg', 'catkin_cmake_args': None, 'catkin_skip_building_tests': False, 'cmake_args': None, 'cmake_clean_cache': False, 'cmake_clean_first': False, 'cmake_force_configure': False, 'cmake_target': None, 'cmake_target_skip_unavailable': False, 'install_base': '/home/yuma/ros2_ws/install/hello_pkg', 'merge_install': False, 'path': '/home/yuma/ros2_ws/src/hello_pkg', 'symlink_install': False, 'test_result_base': None}
[1.358s] INFO:colcon.colcon_core.executor:Executing jobs using 'parallel' executor
[1.360s] DEBUG:colcon.colcon_parallel_executor.executor.parallel:run_until_complete
[1.361s] INFO:colcon.colcon_ros.task.ament_cmake.build:Building ROS package in '/home/yuma/ros2_ws/src/hello_pkg' with build type 'ament_cmake'
[1.361s] INFO:colcon.colcon_cmake.task.cmake.build:Building CMake package in '/home/yuma/ros2_ws/src/hello_pkg'
[1.371s] INFO:colcon.colcon_core.plugin_system:Skipping extension 'colcon_core.shell.bat': Not used on non-Windows systems
[1.371s] INFO:colcon.colcon_core.shell:Skip shell extension 'powershell' for command environment: Not usable outside of PowerShell
[1.371s] DEBUG:colcon.colcon_core.shell:Skip shell extension 'dsv' for command environment
[1.389s] DEBUG:colcon.colcon_core.event_handler.log_command:Invoking command in '/home/yuma/ros2_ws/build/hello_pkg': CMAKE_PREFIX_PATH=${CMAKE_PREFIX_PATH}:/home/yuma/ros2_ws/install/mypkg:/opt/ros/humble /usr/bin/cmake --build /home/yuma/ros2_ws/build/hello_pkg -- -j12 -l12
[8.942s] DEBUG:colcon.colcon_core.event_handler.log_command:Invoked command in '/home/yuma/ros2_ws/build/hello_pkg' returned '0': CMAKE_PREFIX_PATH=${CMAKE_PREFIX_PATH}:/home/yuma/ros2_ws/install/mypkg:/opt/ros/humble /usr/bin/cmake --build /home/yuma/ros2_ws/build/hello_pkg -- -j12 -l12
[8.982s] DEBUG:colcon.colcon_core.event_handler.log_command:Invoking command in '/home/yuma/ros2_ws/build/hello_pkg': CMAKE_PREFIX_PATH=${CMAKE_PREFIX_PATH}:/home/yuma/ros2_ws/install/mypkg:/opt/ros/humble /usr/bin/cmake --install /home/yuma/ros2_ws/build/hello_pkg
[9.004s] Level 1:colcon.colcon_core.environment:create_environment_scripts_only(hello_pkg)
[9.006s] DEBUG:colcon.colcon_core.event_handler.log_command:Invoked command in '/home/yuma/ros2_ws/build/hello_pkg' returned '0': CMAKE_PREFIX_PATH=${CMAKE_PREFIX_PATH}:/home/yuma/ros2_ws/install/mypkg:/opt/ros/humble /usr/bin/cmake --install /home/yuma/ros2_ws/build/hello_pkg
[9.016s] Level 1:colcon.colcon_core.environment:checking '/home/yuma/ros2_ws/install/hello_pkg' for CMake module files
[9.018s] Level 1:colcon.colcon_core.environment:checking '/home/yuma/ros2_ws/install/hello_pkg' for CMake config files
[9.021s] Level 1:colcon.colcon_core.shell:create_environment_hook('hello_pkg', 'cmake_prefix_path')
[9.021s] INFO:colcon.colcon_core.shell:Creating environment hook '/home/yuma/ros2_ws/install/hello_pkg/share/hello_pkg/hook/cmake_prefix_path.ps1'
[9.023s] INFO:colcon.colcon_core.shell:Creating environment descriptor '/home/yuma/ros2_ws/install/hello_pkg/share/hello_pkg/hook/cmake_prefix_path.dsv'
[9.025s] INFO:colcon.colcon_core.shell:Creating environment hook '/home/yuma/ros2_ws/install/hello_pkg/share/hello_pkg/hook/cmake_prefix_path.sh'
[9.027s] Level 1:colcon.colcon_core.environment:checking '/home/yuma/ros2_ws/install/hello_pkg/lib'
[9.027s] Level 1:colcon.colcon_core.environment:checking '/home/yuma/ros2_ws/install/hello_pkg/bin'
[9.027s] Level 1:colcon.colcon_core.environment:checking '/home/yuma/ros2_ws/install/hello_pkg/lib/pkgconfig/hello_pkg.pc'
[9.028s] Level 1:colcon.colcon_core.environment:checking '/home/yuma/ros2_ws/install/hello_pkg/lib/python3.10/site-packages'
[9.028s] Level 1:colcon.colcon_core.environment:checking '/home/yuma/ros2_ws/install/hello_pkg/bin'
[9.029s] INFO:colcon.colcon_core.shell:Creating package script '/home/yuma/ros2_ws/install/hello_pkg/share/hello_pkg/package.ps1'
[9.030s] INFO:colcon.colcon_core.shell:Creating package descriptor '/home/yuma/ros2_ws/install/hello_pkg/share/hello_pkg/package.dsv'
[9.031s] INFO:colcon.colcon_core.shell:Creating package script '/home/yuma/ros2_ws/install/hello_pkg/share/hello_pkg/package.sh'
[9.033s] INFO:colcon.colcon_core.shell:Creating package script '/home/yuma/ros2_ws/install/hello_pkg/share/hello_pkg/package.bash'
[9.034s] INFO:colcon.colcon_core.shell:Creating package script '/home/yuma/ros2_ws/install/hello_pkg/share/hello_pkg/package.zsh'
[9.036s] Level 1:colcon.colcon_core.environment:create_file_with_runtime_dependencies(/home/yuma/ros2_ws/install/hello_pkg/share/colcon-core/packages/hello_pkg)
[9.066s] Level 1:colcon.colcon_core.environment:create_environment_scripts_only(hello_pkg)
[9.067s] Level 1:colcon.colcon_core.environment:checking '/home/yuma/ros2_ws/install/hello_pkg' for CMake module files
[9.067s] Level 1:colcon.colcon_core.environment:checking '/home/yuma/ros2_ws/install/hello_pkg' for CMake config files
[9.068s] Level 1:colcon.colcon_core.shell:create_environment_hook('hello_pkg', 'cmake_prefix_path')
[9.068s] INFO:colcon.colcon_core.shell:Creating environment hook '/home/yuma/ros2_ws/install/hello_pkg/share/hello_pkg/hook/cmake_prefix_path.ps1'
[9.069s] INFO:colcon.colcon_core.shell:Creating environment descriptor '/home/yuma/ros2_ws/install/hello_pkg/share/hello_pkg/hook/cmake_prefix_path.dsv'
[9.069s] INFO:colcon.colcon_core.shell:Creating environment hook '/home/yuma/ros2_ws/install/hello_pkg/share/hello_pkg/hook/cmake_prefix_path.sh'
[9.071s] Level 1:colcon.colcon_core.environment:checking '/home/yuma/ros2_ws/install/hello_pkg/lib'
[9.071s] Level 1:colcon.colcon_core.environment:checking '/home/yuma/ros2_ws/install/hello_pkg/bin'
[9.071s] Level 1:colcon.colcon_core.environment:checking '/home/yuma/ros2_ws/install/hello_pkg/lib/pkgconfig/hello_pkg.pc'
[9.071s] Level 1:colcon.colcon_core.environment:checking '/home/yuma/ros2_ws/install/hello_pkg/lib/python3.10/site-packages'
[9.072s] Level 1:colcon.colcon_core.environment:checking '/home/yuma/ros2_ws/install/hello_pkg/bin'
[9.072s] INFO:colcon.colcon_core.shell:Creating package script '/home/yuma/ros2_ws/install/hello_pkg/share/hello_pkg/package.ps1'
[9.073s] INFO:colcon.colcon_core.shell:Creating package descriptor '/home/yuma/ros2_ws/install/hello_pkg/share/hello_pkg/package.dsv'
[9.073s] INFO:colcon.colcon_core.shell:Creating package script '/home/yuma/ros2_ws/install/hello_pkg/share/hello_pkg/package.sh'
[9.074s] INFO:colcon.colcon_core.shell:Creating package script '/home/yuma/ros2_ws/install/hello_pkg/share/hello_pkg/package.bash'
[9.074s] INFO:colcon.colcon_core.shell:Creating package script '/home/yuma/ros2_ws/install/hello_pkg/share/hello_pkg/package.zsh'
[9.075s] Level 1:colcon.colcon_core.environment:create_file_with_runtime_dependencies(/home/yuma/ros2_ws/install/hello_pkg/share/colcon-core/packages/hello_pkg)
[9.075s] DEBUG:colcon.colcon_parallel_executor.executor.parallel:closing loop
[9.077s] DEBUG:colcon.colcon_parallel_executor.executor.parallel:loop closed
[9.077s] DEBUG:colcon.colcon_parallel_executor.executor.parallel:run_until_complete finished with '0'
[9.078s] DEBUG:colcon.colcon_core.event_reactor:joining thread
[9.133s] INFO:colcon.colcon_core.plugin_system:Skipping extension 'colcon_notification.desktop_notification.notify_send': Could not find 'notify-send'
[9.134s] INFO:colcon.colcon_core.plugin_system:Skipping extension 'colcon_notification.desktop_notification.terminal_notifier': Not used on non-Darwin systems
[9.134s] INFO:colcon.colcon_core.plugin_system:Skipping extension 'colcon_notification.desktop_notification.win32': Not used on non-Windows systems
[9.134s] INFO:colcon.colcon_notification.desktop_notification:Sending desktop notification using 'notify2'
[9.135s] DEBUG:colcon.colcon_notification.desktop_notification.notify2:Failed to initialize notify2: org.freedesktop.DBus.Error.FileNotFound: Failed to connect to socket /run/user/1000/bus: No such file or directory
[9.135s] DEBUG:colcon.colcon_core.event_reactor:joined thread
[9.136s] INFO:colcon.colcon_core.shell:Creating prefix script '/home/yuma/ros2_ws/install/local_setup.ps1'
[9.139s] INFO:colcon.colcon_core.shell:Creating prefix util module '/home/yuma/ros2_ws/install/_local_setup_util_ps1.py'
[9.141s] INFO:colcon.colcon_core.shell:Creating prefix chain script '/home/yuma/ros2_ws/install/setup.ps1'
[9.143s] INFO:colcon.colcon_core.shell:Creating prefix script '/home/yuma/ros2_ws/install/local_setup.sh'
[9.144s] INFO:colcon.colcon_core.shell:Creating prefix util module '/home/yuma/ros2_ws/install/_local_setup_util_sh.py'
[9.145s] INFO:colcon.colcon_core.shell:Creating prefix chain script '/home/yuma/ros2_ws/install/setup.sh'
[9.146s] INFO:colcon.colcon_core.shell:Creating prefix script '/home/yuma/ros2_ws/install/local_setup.bash'
[9.147s] INFO:colcon.colcon_core.shell:Creating prefix chain script '/home/yuma/ros2_ws/install/setup.bash'
[9.149s] INFO:colcon.colcon_core.shell:Creating prefix script '/home/yuma/ros2_ws/install/local_setup.zsh'
[9.151s] INFO:colcon.colcon_core.shell:Creating prefix chain script '/home/yuma/ros2_ws/install/setup.zsh'
