[0.925s] Invoking command in '/home/yuma/ros2_ws/src/mypkg': PYTHONPATH=/home/yuma/ros2_ws/src/build/mypkg/prefix_override:/usr/lib/python3/dist-packages/colcon_core/task/python/colcon_distutils_commands:/home/yuma/ros2_ws/src/install/mypkg/lib/python3.10/site-packages:${PYTHONPATH} /usr/bin/python3 -W ignore:setup.py install is deprecated setup.py egg_info --egg-base ../build/mypkg build --build-base /home/yuma/ros2_ws/src/build/mypkg/build install --record /home/yuma/ros2_ws/src/build/mypkg/install.log --single-version-externally-managed install_data
[1.171s] running egg_info
[1.171s] creating ../build/mypkg/mypkg.egg-info
[1.174s] writing ../build/mypkg/mypkg.egg-info/PKG-INFO
[1.175s] writing dependency_links to ../build/mypkg/mypkg.egg-info/dependency_links.txt
[1.175s] writing entry points to ../build/mypkg/mypkg.egg-info/entry_points.txt
[1.175s] writing requirements to ../build/mypkg/mypkg.egg-info/requires.txt
[1.175s] writing top-level names to ../build/mypkg/mypkg.egg-info/top_level.txt
[1.176s] writing manifest file '../build/mypkg/mypkg.egg-info/SOURCES.txt'
[1.181s] reading manifest file '../build/mypkg/mypkg.egg-info/SOURCES.txt'
[1.183s] writing manifest file '../build/mypkg/mypkg.egg-info/SOURCES.txt'
[1.183s] running build
[1.183s] running build_py
[1.183s] creating /home/yuma/ros2_ws/src/build/mypkg/build
[1.183s] creating /home/yuma/ros2_ws/src/build/mypkg/build/lib
[1.184s] creating /home/yuma/ros2_ws/src/build/mypkg/build/lib/mypkg
[1.184s] copying mypkg/talker.py -> /home/yuma/ros2_ws/src/build/mypkg/build/lib/mypkg
[1.193s] copying mypkg/__init__.py -> /home/yuma/ros2_ws/src/build/mypkg/build/lib/mypkg
[1.194s] running install
[1.195s] running install_lib
[1.196s] creating /home/yuma/ros2_ws/src/install/mypkg/lib/python3.10/site-packages/mypkg
[1.196s] copying /home/yuma/ros2_ws/src/build/mypkg/build/lib/mypkg/talker.py -> /home/yuma/ros2_ws/src/install/mypkg/lib/python3.10/site-packages/mypkg
[1.197s] copying /home/yuma/ros2_ws/src/build/mypkg/build/lib/mypkg/__init__.py -> /home/yuma/ros2_ws/src/install/mypkg/lib/python3.10/site-packages/mypkg
[1.198s] byte-compiling /home/yuma/ros2_ws/src/install/mypkg/lib/python3.10/site-packages/mypkg/talker.py to talker.cpython-310.pyc
[1.199s] byte-compiling /home/yuma/ros2_ws/src/install/mypkg/lib/python3.10/site-packages/mypkg/__init__.py to __init__.cpython-310.pyc
[1.200s] running install_data
[1.200s] creating /home/yuma/ros2_ws/src/install/mypkg/share/ament_index
[1.200s] creating /home/yuma/ros2_ws/src/install/mypkg/share/ament_index/resource_index
[1.200s] creating /home/yuma/ros2_ws/src/install/mypkg/share/ament_index/resource_index/packages
[1.201s] copying resource/mypkg -> /home/yuma/ros2_ws/src/install/mypkg/share/ament_index/resource_index/packages
[1.201s] copying package.xml -> /home/yuma/ros2_ws/src/install/mypkg/share/mypkg
[1.201s] copying launch/talk_listen.launch.py -> /home/yuma/ros2_ws/src/install/mypkg/share/mypkg
[1.202s] running install_egg_info
[1.204s] Copying ../build/mypkg/mypkg.egg-info to /home/yuma/ros2_ws/src/install/mypkg/lib/python3.10/site-packages/mypkg-0.0.0-py3.10.egg-info
[1.206s] running install_scripts
[1.240s] Installing listener script to /home/yuma/ros2_ws/src/install/mypkg/lib/mypkg
[1.240s] Installing talker script to /home/yuma/ros2_ws/src/install/mypkg/lib/mypkg
[1.241s] writing list of installed files to '/home/yuma/ros2_ws/src/build/mypkg/install.log'
[1.273s] Invoked command in '/home/yuma/ros2_ws/src/mypkg' returned '0': PYTHONPATH=/home/yuma/ros2_ws/src/build/mypkg/prefix_override:/usr/lib/python3/dist-packages/colcon_core/task/python/colcon_distutils_commands:/home/yuma/ros2_ws/src/install/mypkg/lib/python3.10/site-packages:${PYTHONPATH} /usr/bin/python3 -W ignore:setup.py install is deprecated setup.py egg_info --egg-base ../build/mypkg build --build-base /home/yuma/ros2_ws/src/build/mypkg/build install --record /home/yuma/ros2_ws/src/build/mypkg/install.log --single-version-externally-managed install_data
