[0.431s] DEBUG:colcon:Command line arguments: ['/usr/bin/colcon', 'build', '--packages-select', 'hello_pkg']
[0.432s] DEBUG:colcon:Parsed command line arguments: Namespace(log_base=None, log_level=None, verb_name='build', build_base='build', install_base='install', merge_install=False, symlink_install=False, test_result_base=None, continue_on_error=False, executor='parallel', parallel_workers=12, event_handlers=None, ignore_user_meta=False, metas=['./colcon.meta'], base_paths=['.'], packages_ignore=None, packages_ignore_regex=None, paths=None, packages_up_to=None, packages_up_to_regex=None, packages_above=None, packages_above_and_dependencies=None, packages_above_depth=None, packages_select_by_dep=None, packages_skip_by_dep=None, packages_skip_up_to=None, packages_select_build_failed=False, packages_skip_build_finished=False, packages_select_test_failures=False, packages_skip_test_passed=False, packages_select=['hello_pkg'], packages_skip=None, packages_select_regex=None, packages_skip_regex=None, packages_start=None, packages_end=None, allow_overriding=[], cmake_args=None, cmake_target=None, cmake_target_skip_unavailable=False, cmake_clean_cache=False, cmake_clean_first=False, cmake_force_configure=False, ament_cmake_args=None, catkin_cmake_args=None, catkin_skip_building_tests=False, verb_parser=<colcon_defaults.argument_parser.defaults.DefaultArgumentsDecorator object at 0x7f396008bdf0>, verb_extension=<colcon_core.verb.build.BuildVerb object at 0x7f396008b9a0>, main=<bound method BuildVerb.main of <colcon_core.verb.build.BuildVerb object at 0x7f396008b9a0>>)
[0.874s] Level 1:colcon.colcon_core.package_discovery:discover_packages(colcon_meta) check parameters
[0.874s] Level 1:colcon.colcon_core.package_discovery:discover_packages(recursive) check parameters
[0.874s] Level 1:colcon.colcon_core.package_discovery:discover_packages(ignore) check parameters
[0.874s] Level 1:colcon.colcon_core.package_discovery:discover_packages(path) check parameters
[0.874s] Level 1:colcon.colcon_core.package_discovery:discover_packages(colcon_meta) discover
[0.875s] Level 1:colcon.colcon_core.package_discovery:discover_packages(recursive) discover
[0.875s] INFO:colcon.colcon_core.package_discovery:Crawling recursively for packages in '/home/yuma/ros2_ws'
[0.875s] Level 1:colcon.colcon_core.package_identification:_identify(.) by extensions ['ignore', 'ignore_ament_install']
[0.875s] Level 1:colcon.colcon_core.package_identification:_identify(.) by extension 'ignore'
[0.875s] Level 1:colcon.colcon_core.package_identification:_identify(.) by extension 'ignore_ament_install'
[0.875s] Level 1:colcon.colcon_core.package_identification:_identify(.) by extensions ['colcon_pkg']
[0.875s] Level 1:colcon.colcon_core.package_identification:_identify(.) by extension 'colcon_pkg'
[0.875s] Level 1:colcon.colcon_core.package_identification:_identify(.) by extensions ['colcon_meta']
[0.875s] Level 1:colcon.colcon_core.package_identification:_identify(.) by extension 'colcon_meta'
[0.875s] Level 1:colcon.colcon_core.package_identification:_identify(.) by extensions ['ros']
[0.875s] Level 1:colcon.colcon_core.package_identification:_identify(.) by extension 'ros'
[0.900s] Level 1:colcon.colcon_core.package_identification:_identify(.) by extensions ['cmake', 'python']
[0.900s] Level 1:colcon.colcon_core.package_identification:_identify(.) by extension 'cmake'
[0.900s] Level 1:colcon.colcon_core.package_identification:_identify(.) by extension 'python'
[0.900s] Level 1:colcon.colcon_core.package_identification:_identify(.) by extensions ['python_setup_py']
[0.900s] Level 1:colcon.colcon_core.package_identification:_identify(.) by extension 'python_setup_py'
[0.900s] Level 1:colcon.colcon_core.package_identification:_identify(build) by extensions ['ignore', 'ignore_ament_install']
[0.900s] Level 1:colcon.colcon_core.package_identification:_identify(build) by extension 'ignore'
[0.900s] Level 1:colcon.colcon_core.package_identification:_identify(build) ignored
[0.901s] Level 1:colcon.colcon_core.package_identification:_identify(install) by extensions ['ignore', 'ignore_ament_install']
[0.901s] Level 1:colcon.colcon_core.package_identification:_identify(install) by extension 'ignore'
[0.901s] Level 1:colcon.colcon_core.package_identification:_identify(install) ignored
[0.901s] Level 1:colcon.colcon_core.package_identification:_identify(log) by extensions ['ignore', 'ignore_ament_install']
[0.901s] Level 1:colcon.colcon_core.package_identification:_identify(log) by extension 'ignore'
[0.901s] Level 1:colcon.colcon_core.package_identification:_identify(log) ignored
[0.901s] Level 1:colcon.colcon_core.package_identification:_identify(src) by extensions ['ignore', 'ignore_ament_install']
[0.901s] Level 1:colcon.colcon_core.package_identification:_identify(src) by extension 'ignore'
[0.901s] Level 1:colcon.colcon_core.package_identification:_identify(src) by extension 'ignore_ament_install'
[0.901s] Level 1:colcon.colcon_core.package_identification:_identify(src) by extensions ['colcon_pkg']
[0.901s] Level 1:colcon.colcon_core.package_identification:_identify(src) by extension 'colcon_pkg'
[0.901s] Level 1:colcon.colcon_core.package_identification:_identify(src) by extensions ['colcon_meta']
[0.901s] Level 1:colcon.colcon_core.package_identification:_identify(src) by extension 'colcon_meta'
[0.901s] Level 1:colcon.colcon_core.package_identification:_identify(src) by extensions ['ros']
[0.901s] Level 1:colcon.colcon_core.package_identification:_identify(src) by extension 'ros'
[0.901s] Level 1:colcon.colcon_core.package_identification:_identify(src) by extensions ['cmake', 'python']
[0.901s] Level 1:colcon.colcon_core.package_identification:_identify(src) by extension 'cmake'
[0.902s] Level 1:colcon.colcon_core.package_identification:_identify(src) by extension 'python'
[0.902s] Level 1:colcon.colcon_core.package_identification:_identify(src) by extensions ['python_setup_py']
[0.902s] Level 1:colcon.colcon_core.package_identification:_identify(src) by extension 'python_setup_py'
[0.902s] Level 1:colcon.colcon_core.package_identification:_identify(src/build) by extensions ['ignore', 'ignore_ament_install']
[0.902s] Level 1:colcon.colcon_core.package_identification:_identify(src/build) by extension 'ignore'
[0.902s] Level 1:colcon.colcon_core.package_identification:_identify(src/build) ignored
[0.903s] Level 1:colcon.colcon_core.package_identification:_identify(src/hello_pkg) by extensions ['ignore', 'ignore_ament_install']
[0.903s] Level 1:colcon.colcon_core.package_identification:_identify(src/hello_pkg) by extension 'ignore'
[0.903s] Level 1:colcon.colcon_core.package_identification:_identify(src/hello_pkg) by extension 'ignore_ament_install'
[0.903s] Level 1:colcon.colcon_core.package_identification:_identify(src/hello_pkg) by extensions ['colcon_pkg']
[0.903s] Level 1:colcon.colcon_core.package_identification:_identify(src/hello_pkg) by extension 'colcon_pkg'
[0.903s] Level 1:colcon.colcon_core.package_identification:_identify(src/hello_pkg) by extensions ['colcon_meta']
[0.903s] Level 1:colcon.colcon_core.package_identification:_identify(src/hello_pkg) by extension 'colcon_meta'
[0.903s] Level 1:colcon.colcon_core.package_identification:_identify(src/hello_pkg) by extensions ['ros']
[0.903s] Level 1:colcon.colcon_core.package_identification:_identify(src/hello_pkg) by extension 'ros'
[0.908s] DEBUG:colcon.colcon_core.package_identification:Package 'src/hello_pkg' with type 'ros.ament_cmake' and name 'hello_pkg'
[0.908s] Level 1:colcon.colcon_core.package_identification:_identify(src/install) by extensions ['ignore', 'ignore_ament_install']
[0.909s] Level 1:colcon.colcon_core.package_identification:_identify(src/install) by extension 'ignore'
[0.909s] Level 1:colcon.colcon_core.package_identification:_identify(src/install) ignored
[0.909s] Level 1:colcon.colcon_core.package_identification:_identify(src/log) by extensions ['ignore', 'ignore_ament_install']
[0.909s] Level 1:colcon.colcon_core.package_identification:_identify(src/log) by extension 'ignore'
[0.910s] Level 1:colcon.colcon_core.package_identification:_identify(src/log) ignored
[0.910s] Level 1:colcon.colcon_core.package_identification:_identify(src/mypkg) by extensions ['ignore', 'ignore_ament_install']
[0.910s] Level 1:colcon.colcon_core.package_identification:_identify(src/mypkg) by extension 'ignore'
[0.910s] Level 1:colcon.colcon_core.package_identification:_identify(src/mypkg) by extension 'ignore_ament_install'
[0.910s] Level 1:colcon.colcon_core.package_identification:_identify(src/mypkg) by extensions ['colcon_pkg']
[0.910s] Level 1:colcon.colcon_core.package_identification:_identify(src/mypkg) by extension 'colcon_pkg'
[0.910s] Level 1:colcon.colcon_core.package_identification:_identify(src/mypkg) by extensions ['colcon_meta']
[0.910s] Level 1:colcon.colcon_core.package_identification:_identify(src/mypkg) by extension 'colcon_meta'
[0.910s] Level 1:colcon.colcon_core.package_identification:_identify(src/mypkg) by extensions ['ros']
[0.910s] Level 1:colcon.colcon_core.package_identification:_identify(src/mypkg) by extension 'ros'
[0.911s] DEBUG:colcon.colcon_core.package_identification:Package 'src/mypkg' with type 'ros.ament_python' and name 'mypkg'
[0.912s] Level 1:colcon.colcon_core.package_identification:_identify(src/person_msgs) by extensions ['ignore', 'ignore_ament_install']
[0.912s] Level 1:colcon.colcon_core.package_identification:_identify(src/person_msgs) by extension 'ignore'
[0.912s] Level 1:colcon.colcon_core.package_identification:_identify(src/person_msgs) by extension 'ignore_ament_install'
[0.912s] Level 1:colcon.colcon_core.package_identification:_identify(src/person_msgs) by extensions ['colcon_pkg']
[0.912s] Level 1:colcon.colcon_core.package_identification:_identify(src/person_msgs) by extension 'colcon_pkg'
[0.912s] Level 1:colcon.colcon_core.package_identification:_identify(src/person_msgs) by extensions ['colcon_meta']
[0.912s] Level 1:colcon.colcon_core.package_identification:_identify(src/person_msgs) by extension 'colcon_meta'
[0.912s] Level 1:colcon.colcon_core.package_identification:_identify(src/person_msgs) by extensions ['ros']
[0.912s] Level 1:colcon.colcon_core.package_identification:_identify(src/person_msgs) by extension 'ros'
[0.913s] DEBUG:colcon.colcon_core.package_identification:Package 'src/person_msgs' with type 'ros.ament_cmake' and name 'person_msgs'
[0.913s] Level 1:colcon.colcon_core.package_discovery:discover_packages(recursive) using defaults
[0.914s] Level 1:colcon.colcon_core.package_discovery:discover_packages(ignore) discover
[0.914s] Level 1:colcon.colcon_core.package_discovery:discover_packages(ignore) using defaults
[0.914s] Level 1:colcon.colcon_core.package_discovery:discover_packages(path) discover
[0.914s] Level 1:colcon.colcon_core.package_discovery:discover_packages(path) using defaults
[0.959s] INFO:colcon.colcon_core.package_selection:Skipping not selected package 'mypkg' in 'src/mypkg'
[0.959s] INFO:colcon.colcon_core.package_selection:Skipping not selected package 'person_msgs' in 'src/person_msgs'
[0.961s] Level 1:colcon.colcon_core.package_discovery:discover_packages(prefix_path) check parameters
[0.961s] Level 1:colcon.colcon_core.package_discovery:discover_packages(prefix_path) discover
[0.964s] WARNING:colcon.colcon_ros.prefix_path.ament:The path '/home/yuma/ros2_ws/install/person_msgs' in the environment variable AMENT_PREFIX_PATH doesn't exist
[0.964s] WARNING:colcon.colcon_ros.prefix_path.ament:The path '/home/yuma/ros2_ws/install/mypkg' in the environment variable AMENT_PREFIX_PATH doesn't exist
[0.965s] WARNING:colcon.colcon_ros.prefix_path.catkin:The path '/home/yuma/ros2_ws/install/hello_pkg' in the environment variable CMAKE_PREFIX_PATH doesn't exist
[0.965s] WARNING:colcon.colcon_ros.prefix_path.catkin:The path '/home/yuma/ros2_ws/install/person_msgs' in the environment variable CMAKE_PREFIX_PATH doesn't exist
[0.968s] DEBUG:colcon.colcon_installed_package_information.package_discovery:Found 0 installed packages in /home/yuma/ros2_ws/install
[0.970s] DEBUG:colcon.colcon_installed_package_information.package_discovery:Found 270 installed packages in /opt/ros/humble
[0.972s] Level 1:colcon.colcon_core.package_discovery:discover_packages(prefix_path) using defaults
[1.128s] Level 5:colcon.colcon_core.verb:set package 'hello_pkg' build argument 'cmake_args' from command line to 'None'
[1.128s] Level 5:colcon.colcon_core.verb:set package 'hello_pkg' build argument 'cmake_target' from command line to 'None'
[1.128s] Level 5:colcon.colcon_core.verb:set package 'hello_pkg' build argument 'cmake_target_skip_unavailable' from command line to 'False'
[1.128s] Level 5:colcon.colcon_core.verb:set package 'hello_pkg' build argument 'cmake_clean_cache' from command line to 'False'
[1.128s] Level 5:colcon.colcon_core.verb:set package 'hello_pkg' build argument 'cmake_clean_first' from command line to 'False'
[1.128s] Level 5:colcon.colcon_core.verb:set package 'hello_pkg' build argument 'cmake_force_configure' from command line to 'False'
[1.128s] Level 5:colcon.colcon_core.verb:set package 'hello_pkg' build argument 'ament_cmake_args' from command line to 'None'
[1.128s] Level 5:colcon.colcon_core.verb:set package 'hello_pkg' build argument 'catkin_cmake_args' from command line to 'None'
[1.128s] Level 5:colcon.colcon_core.verb:set package 'hello_pkg' build argument 'catkin_skip_building_tests' from command line to 'False'
[1.128s] DEBUG:colcon.colcon_core.verb:Building package 'hello_pkg' with the following arguments: {'ament_cmake_args': None, 'build_base': '/home/yuma/ros2_ws/build/hello_pkg', 'catkin_cmake_args': None, 'catkin_skip_building_tests': False, 'cmake_args': None, 'cmake_clean_cache': False, 'cmake_clean_first': False, 'cmake_force_configure': False, 'cmake_target': None, 'cmake_target_skip_unavailable': False, 'install_base': '/home/yuma/ros2_ws/install/hello_pkg', 'merge_install': False, 'path': '/home/yuma/ros2_ws/src/hello_pkg', 'symlink_install': False, 'test_result_base': None}
[1.129s] INFO:colcon.colcon_core.executor:Executing jobs using 'parallel' executor
[1.130s] DEBUG:colcon.colcon_parallel_executor.executor.parallel:run_until_complete
[1.131s] INFO:colcon.colcon_ros.task.ament_cmake.build:Building ROS package in '/home/yuma/ros2_ws/src/hello_pkg' with build type 'ament_cmake'
[1.131s] INFO:colcon.colcon_cmake.task.cmake.build:Building CMake package in '/home/yuma/ros2_ws/src/hello_pkg'
[1.146s] INFO:colcon.colcon_core.plugin_system:Skipping extension 'colcon_core.shell.bat': Not used on non-Windows systems
[1.147s] INFO:colcon.colcon_core.shell:Skip shell extension 'powershell' for command environment: Not usable outside of PowerShell
[1.147s] DEBUG:colcon.colcon_core.shell:Skip shell extension 'dsv' for command environment
[1.163s] DEBUG:colcon.colcon_core.event_handler.log_command:Invoking command in '/home/yuma/ros2_ws/build/hello_pkg': CMAKE_PREFIX_PATH=${CMAKE_PREFIX_PATH}:/home/yuma/ros2_ws/install/mypkg:/opt/ros/humble /usr/bin/cmake /home/yuma/ros2_ws/src/hello_pkg -DCMAKE_INSTALL_PREFIX=/home/yuma/ros2_ws/install/hello_pkg
[11.103s] DEBUG:colcon.colcon_core.event_handler.log_command:Invoked command in '/home/yuma/ros2_ws/build/hello_pkg' returned '0': CMAKE_PREFIX_PATH=${CMAKE_PREFIX_PATH}:/home/yuma/ros2_ws/install/mypkg:/opt/ros/humble /usr/bin/cmake /home/yuma/ros2_ws/src/hello_pkg -DCMAKE_INSTALL_PREFIX=/home/yuma/ros2_ws/install/hello_pkg
[11.107s] DEBUG:colcon.colcon_core.event_handler.log_command:Invoking command in '/home/yuma/ros2_ws/build/hello_pkg': CMAKE_PREFIX_PATH=${CMAKE_PREFIX_PATH}:/home/yuma/ros2_ws/install/mypkg:/opt/ros/humble /usr/bin/cmake --build /home/yuma/ros2_ws/build/hello_pkg -- -j12 -l12
[18.268s] DEBUG:colcon.colcon_core.event_handler.log_command:Invoked command in '/home/yuma/ros2_ws/build/hello_pkg' returned '0': CMAKE_PREFIX_PATH=${CMAKE_PREFIX_PATH}:/home/yuma/ros2_ws/install/mypkg:/opt/ros/humble /usr/bin/cmake --build /home/yuma/ros2_ws/build/hello_pkg -- -j12 -l12
[18.314s] DEBUG:colcon.colcon_core.event_handler.log_command:Invoking command in '/home/yuma/ros2_ws/build/hello_pkg': CMAKE_PREFIX_PATH=${CMAKE_PREFIX_PATH}:/home/yuma/ros2_ws/install/mypkg:/opt/ros/humble /usr/bin/cmake --install /home/yuma/ros2_ws/build/hello_pkg
[18.333s] Level 1:colcon.colcon_core.environment:create_environment_scripts_only(hello_pkg)
[18.333s] DEBUG:colcon.colcon_core.event_handler.log_command:Invoked command in '/home/yuma/ros2_ws/build/hello_pkg' returned '0': CMAKE_PREFIX_PATH=${CMAKE_PREFIX_PATH}:/home/yuma/ros2_ws/install/mypkg:/opt/ros/humble /usr/bin/cmake --install /home/yuma/ros2_ws/build/hello_pkg
[18.347s] Level 1:colcon.colcon_core.environment:checking '/home/yuma/ros2_ws/install/hello_pkg' for CMake module files
[18.348s] Level 1:colcon.colcon_core.environment:checking '/home/yuma/ros2_ws/install/hello_pkg' for CMake config files
[18.348s] Level 1:colcon.colcon_core.shell:create_environment_hook('hello_pkg', 'cmake_prefix_path')
[18.348s] INFO:colcon.colcon_core.shell:Creating environment hook '/home/yuma/ros2_ws/install/hello_pkg/share/hello_pkg/hook/cmake_prefix_path.ps1'
[18.350s] INFO:colcon.colcon_core.shell:Creating environment descriptor '/home/yuma/ros2_ws/install/hello_pkg/share/hello_pkg/hook/cmake_prefix_path.dsv'
[18.351s] INFO:colcon.colcon_core.shell:Creating environment hook '/home/yuma/ros2_ws/install/hello_pkg/share/hello_pkg/hook/cmake_prefix_path.sh'
[18.354s] Level 1:colcon.colcon_core.environment:checking '/home/yuma/ros2_ws/install/hello_pkg/lib'
[18.354s] Level 1:colcon.colcon_core.environment:checking '/home/yuma/ros2_ws/install/hello_pkg/bin'
[18.354s] Level 1:colcon.colcon_core.environment:checking '/home/yuma/ros2_ws/install/hello_pkg/lib/pkgconfig/hello_pkg.pc'
[18.354s] Level 1:colcon.colcon_core.environment:checking '/home/yuma/ros2_ws/install/hello_pkg/lib/python3.10/site-packages'
[18.355s] Level 1:colcon.colcon_core.environment:checking '/home/yuma/ros2_ws/install/hello_pkg/bin'
[18.355s] INFO:colcon.colcon_core.shell:Creating package script '/home/yuma/ros2_ws/install/hello_pkg/share/hello_pkg/package.ps1'
[18.357s] INFO:colcon.colcon_core.shell:Creating package descriptor '/home/yuma/ros2_ws/install/hello_pkg/share/hello_pkg/package.dsv'
[18.358s] INFO:colcon.colcon_core.shell:Creating package script '/home/yuma/ros2_ws/install/hello_pkg/share/hello_pkg/package.sh'
[18.360s] INFO:colcon.colcon_core.shell:Creating package script '/home/yuma/ros2_ws/install/hello_pkg/share/hello_pkg/package.bash'
[18.361s] INFO:colcon.colcon_core.shell:Creating package script '/home/yuma/ros2_ws/install/hello_pkg/share/hello_pkg/package.zsh'
[18.363s] Level 1:colcon.colcon_core.environment:create_file_with_runtime_dependencies(/home/yuma/ros2_ws/install/hello_pkg/share/colcon-core/packages/hello_pkg)
[18.394s] Level 1:colcon.colcon_core.environment:create_environment_scripts_only(hello_pkg)
[18.395s] Level 1:colcon.colcon_core.environment:checking '/home/yuma/ros2_ws/install/hello_pkg' for CMake module files
[18.396s] Level 1:colcon.colcon_core.environment:checking '/home/yuma/ros2_ws/install/hello_pkg' for CMake config files
[18.396s] Level 1:colcon.colcon_core.shell:create_environment_hook('hello_pkg', 'cmake_prefix_path')
[18.396s] INFO:colcon.colcon_core.shell:Creating environment hook '/home/yuma/ros2_ws/install/hello_pkg/share/hello_pkg/hook/cmake_prefix_path.ps1'
[18.397s] INFO:colcon.colcon_core.shell:Creating environment descriptor '/home/yuma/ros2_ws/install/hello_pkg/share/hello_pkg/hook/cmake_prefix_path.dsv'
[18.397s] INFO:colcon.colcon_core.shell:Creating environment hook '/home/yuma/ros2_ws/install/hello_pkg/share/hello_pkg/hook/cmake_prefix_path.sh'
[18.398s] Level 1:colcon.colcon_core.environment:checking '/home/yuma/ros2_ws/install/hello_pkg/lib'
[18.398s] Level 1:colcon.colcon_core.environment:checking '/home/yuma/ros2_ws/install/hello_pkg/bin'
[18.398s] Level 1:colcon.colcon_core.environment:checking '/home/yuma/ros2_ws/install/hello_pkg/lib/pkgconfig/hello_pkg.pc'
[18.399s] Level 1:colcon.colcon_core.environment:checking '/home/yuma/ros2_ws/install/hello_pkg/lib/python3.10/site-packages'
[18.399s] Level 1:colcon.colcon_core.environment:checking '/home/yuma/ros2_ws/install/hello_pkg/bin'
[18.399s] INFO:colcon.colcon_core.shell:Creating package script '/home/yuma/ros2_ws/install/hello_pkg/share/hello_pkg/package.ps1'
[18.400s] INFO:colcon.colcon_core.shell:Creating package descriptor '/home/yuma/ros2_ws/install/hello_pkg/share/hello_pkg/package.dsv'
[18.401s] INFO:colcon.colcon_core.shell:Creating package script '/home/yuma/ros2_ws/install/hello_pkg/share/hello_pkg/package.sh'
[18.402s] INFO:colcon.colcon_core.shell:Creating package script '/home/yuma/ros2_ws/install/hello_pkg/share/hello_pkg/package.bash'
[18.402s] INFO:colcon.colcon_core.shell:Creating package script '/home/yuma/ros2_ws/install/hello_pkg/share/hello_pkg/package.zsh'
[18.403s] Level 1:colcon.colcon_core.environment:create_file_with_runtime_dependencies(/home/yuma/ros2_ws/install/hello_pkg/share/colcon-core/packages/hello_pkg)
[18.403s] DEBUG:colcon.colcon_parallel_executor.executor.parallel:closing loop
[18.404s] DEBUG:colcon.colcon_parallel_executor.executor.parallel:loop closed
[18.404s] DEBUG:colcon.colcon_parallel_executor.executor.parallel:run_until_complete finished with '0'
[18.405s] DEBUG:colcon.colcon_core.event_reactor:joining thread
[18.505s] INFO:colcon.colcon_core.plugin_system:Skipping extension 'colcon_notification.desktop_notification.notify_send': Could not find 'notify-send'
[18.506s] INFO:colcon.colcon_core.plugin_system:Skipping extension 'colcon_notification.desktop_notification.terminal_notifier': Not used on non-Darwin systems
[18.506s] INFO:colcon.colcon_core.plugin_system:Skipping extension 'colcon_notification.desktop_notification.win32': Not used on non-Windows systems
[18.506s] INFO:colcon.colcon_notification.desktop_notification:Sending desktop notification using 'notify2'
[18.506s] DEBUG:colcon.colcon_notification.desktop_notification.notify2:Failed to initialize notify2: org.freedesktop.DBus.Error.FileNotFound: Failed to connect to socket /run/user/1000/bus: No such file or directory
[18.507s] DEBUG:colcon.colcon_core.event_reactor:joined thread
[18.507s] INFO:colcon.colcon_core.shell:Creating prefix script '/home/yuma/ros2_ws/install/local_setup.ps1'
[18.512s] INFO:colcon.colcon_core.shell:Creating prefix util module '/home/yuma/ros2_ws/install/_local_setup_util_ps1.py'
[18.516s] INFO:colcon.colcon_core.shell:Creating prefix chain script '/home/yuma/ros2_ws/install/setup.ps1'
[18.519s] INFO:colcon.colcon_core.shell:Creating prefix script '/home/yuma/ros2_ws/install/local_setup.sh'
[18.522s] INFO:colcon.colcon_core.shell:Creating prefix util module '/home/yuma/ros2_ws/install/_local_setup_util_sh.py'
[18.523s] INFO:colcon.colcon_core.shell:Creating prefix chain script '/home/yuma/ros2_ws/install/setup.sh'
[18.525s] INFO:colcon.colcon_core.shell:Creating prefix script '/home/yuma/ros2_ws/install/local_setup.bash'
[18.527s] INFO:colcon.colcon_core.shell:Creating prefix chain script '/home/yuma/ros2_ws/install/setup.bash'
[18.530s] INFO:colcon.colcon_core.shell:Creating prefix script '/home/yuma/ros2_ws/install/local_setup.zsh'
[18.531s] INFO:colcon.colcon_core.shell:Creating prefix chain script '/home/yuma/ros2_ws/install/setup.zsh'
