[0.027s] Invoking command in '/home/yuma/ros2_ws/build/hello_pkg': CMAKE_PREFIX_PATH=${CMAKE_PREFIX_PATH}:/home/yuma/ros2_ws/install/mypkg:/opt/ros/humble /usr/bin/cmake --build /home/yuma/ros2_ws/build/hello_pkg -- -j12 -l12
[0.169s] [35m[1mConsolidate compiler generated dependencies of target hello[0m
[0.191s] [ 50%] [32mBuilding CXX object CMakeFiles/hello.dir/src/hello.cpp.o[0m
[7.109s] [100%] [32m[1mLinking CXX executable hello[0m
[7.561s] [100%] Built target hello
[7.580s] Invoked command in '/home/yuma/ros2_ws/build/hello_pkg' returned '0': CMAKE_PREFIX_PATH=${CMAKE_PREFIX_PATH}:/home/yuma/ros2_ws/install/mypkg:/opt/ros/humble /usr/bin/cmake --build /home/yuma/ros2_ws/build/hello_pkg -- -j12 -l12
[7.620s] Invoking command in '/home/yuma/ros2_ws/build/hello_pkg': CMAKE_PREFIX_PATH=${CMAKE_PREFIX_PATH}:/home/yuma/ros2_ws/install/mypkg:/opt/ros/humble /usr/bin/cmake --install /home/yuma/ros2_ws/build/hello_pkg
[7.633s] -- Install configuration: ""
[7.635s] -- Installing: /home/yuma/ros2_ws/install/hello_pkg/lib/hello_pkg/hello
[7.638s] -- Set runtime path of "/home/yuma/ros2_ws/install/hello_pkg/lib/hello_pkg/hello" to ""
[7.638s] -- Up-to-date: /home/yuma/ros2_ws/install/hello_pkg/share/ament_index/resource_index/package_run_dependencies/hello_pkg
[7.639s] -- Up-to-date: /home/yuma/ros2_ws/install/hello_pkg/share/ament_index/resource_index/parent_prefix_path/hello_pkg
[7.639s] -- Up-to-date: /home/yuma/ros2_ws/install/hello_pkg/share/hello_pkg/environment/ament_prefix_path.sh
[7.639s] -- Up-to-date: /home/yuma/ros2_ws/install/hello_pkg/share/hello_pkg/environment/ament_prefix_path.dsv
[7.639s] -- Up-to-date: /home/yuma/ros2_ws/install/hello_pkg/share/hello_pkg/environment/path.sh
[7.639s] -- Up-to-date: /home/yuma/ros2_ws/install/hello_pkg/share/hello_pkg/environment/path.dsv
[7.639s] -- Up-to-date: /home/yuma/ros2_ws/install/hello_pkg/share/hello_pkg/local_setup.bash
[7.639s] -- Up-to-date: /home/yuma/ros2_ws/install/hello_pkg/share/hello_pkg/local_setup.sh
[7.639s] -- Up-to-date: /home/yuma/ros2_ws/install/hello_pkg/share/hello_pkg/local_setup.zsh
[7.639s] -- Up-to-date: /home/yuma/ros2_ws/install/hello_pkg/share/hello_pkg/local_setup.dsv
[7.639s] -- Installing: /home/yuma/ros2_ws/install/hello_pkg/share/hello_pkg/package.dsv
[7.640s] -- Up-to-date: /home/yuma/ros2_ws/install/hello_pkg/share/ament_index/resource_index/packages/hello_pkg
[7.640s] -- Up-to-date: /home/yuma/ros2_ws/install/hello_pkg/share/hello_pkg/cmake/hello_pkgConfig.cmake
[7.640s] -- Up-to-date: /home/yuma/ros2_ws/install/hello_pkg/share/hello_pkg/cmake/hello_pkgConfig-version.cmake
[7.641s] -- Up-to-date: /home/yuma/ros2_ws/install/hello_pkg/share/hello_pkg/package.xml
[7.644s] Invoked command in '/home/yuma/ros2_ws/build/hello_pkg' returned '0': CMAKE_PREFIX_PATH=${CMAKE_PREFIX_PATH}:/home/yuma/ros2_ws/install/mypkg:/opt/ros/humble /usr/bin/cmake --install /home/yuma/ros2_ws/build/hello_pkg
